#<year>	<month>	<day>	<hour>	<min>	<mlt>	<mlat>	<glon>	<glat>
2013	01	01	02	28	0.12	72.64	307.10	65.42
2013	01	02	07	12	1.03	72.45	267.89	62.82
2013	01	02	13	05	2.38	67.65	214.78	66.56
2013	01	04	03	03	23.06	72.21	291.48	63.75
2013	01	05	05	36	23.08	68.50	265.79	57.71
2013	01	05	11	26	0.51	65.79	212.57	65.12
2013	01	06	11	43	2.15	69.85	233.31	65.26
2013	01	06	17	52	23.27	69.34	80.70	73.53
2013	01	07	07	09	0.93	72.45	267.89	62.82
2013	01	08	03	35	1.09	69.98	308.27	64.17
2013	01	08	16	27	22.07	69.34	80.70	73.53
2013	01	08	21	44	23.17	66.86	16.03	69.30
2013	01	09	01	28	22.79	73.99	306.43	67.93
2013	01	09	08	58	21.13	70.64	203.38	71.32
2013	01	10	10	10	1.58	69.42	245.52	62.48
2013	01	11	09	41	0.56	67.47	238.77	61.76
2013	01	11	22	32	0.55	68.19	22.22	70.54
2013	01	12	03	00	0.51	67.41	310.32	62.00
2013	01	12	10	58	23.56	70.87	211.21	70.36
2013	01	13	06	54	21.24	69.85	233.31	65.26
2013	01	13	14	05	1.41	65.37	180.63	68.88
2013	01	13	19	26	0.69	69.34	80.70	73.53
2013	01	14	01	07	22.40	73.99	306.43	67.93
2013	01	14	02	25	0.14	65.75	314.56	61.16
2013	01	14	05	57	2.13	72.21	291.48	63.75
2013	01	14	08	37	1.30	58.49	256.20	49.69
2013	01	14	12	51	2.01	67.65	214.78	66.56
2013	01	14	16	34	0.92	66.71	128.92	71.59
2013	01	15	01	14	22.49	69.98	308.27	64.17
2013	01	15	07	29	0.18	58.49	256.20	49.69
2013	01	15	18	01	2.15	66.71	128.92	71.59
2013	01	16	02	52	0.27	69.98	308.27	64.17
2013	01	16	09	42	22.25	62.11	204.40	62.95
2013	01	16	13	34	2.30	70.87	211.21	70.36
2013	01	16	16	21	1.01	70.98	137.71	75.94
2013	01	16	21	00	22.84	66.65	18.94	69.66
2013	01	17	00	31	2.40	71.89	19.20	74.50
2013	01	17	14	44	2.00	65.37	180.63	68.88
2013	01	18	01	01	0.52	71.63	338.03	70.48
2013	01	18	20	08	0.11	65.95	61.21	69.60
2013	01	19	00	44	22.32	65.75	314.56	61.16
2013	01	19	20	25	0.38	65.95	61.21	69.60
2013	01	20	13	03	0.28	65.37	180.63	68.88
2013	01	21	00	23	1.76	66.86	16.03	69.30
2013	01	21	04	31	23.69	73.47	283.40	64.20
2013	01	21	07	40	23.08	69.42	245.52	62.48
2013	01	21	11	32	1.80	69.85	233.31	65.26
2013	01	23	05	02	21.07	58.14	251.74	50.06
2013	01	24	01	21	22.55	71.43	308.27	64.17
2013	01	24	03	17	2.95	71.63	338.03	70.48
2013	01	24	10	08	1.42	69.42	245.52	62.48
2013	01	25	08	29	1.80	59.96	263.96	50.20
2013	01	25	10	19	23.07	71.50	216.35	70.14
2013	01	25	16	21	0.67	66.71	128.92	71.59
2013	01	25	22	07	0.12	68.19	22.22	70.54
2013	01	26	07	54	0.10	58.14	251.74	50.06
2013	01	26	13	33	0.22	65.92	170.90	70.08
2013	01	27	09	21	0.94	67.48	248.89	58.77
2013	01	27	13	55	22.69	70.98	137.71	75.94
2013	01	27	16	32	22.03	69.34	80.70	73.53
2013	01	28	05	57	23.45	72.45	267.89	62.82
2013	01	28	13	56	22.70	70.98	137.71	75.94
2013	01	28	18	23	2.46	66.71	128.92	71.59
2013	01	28	21	53	23.79	71.89	19.20	74.50
2013	01	29	01	52	23.14	69.98	308.27	64.17
2013	01	31	22	35	0.37	67.80	22.22	70.54
2013	02	01	10	32	1.23	67.47	238.77	61.76
2013	02	01	14	37	1.23	65.92	170.90	70.08
2013	02	01	23	06	20.49	78.93	303.85	72.78
2013	02	02	04	35	2.11	67.41	310.32	62.00
2013	02	02	07	34	2.87	73.47	283.40	64.20
2013	02	02	09	10	22.52	66.24	220.89	64.05
2013	02	02	12	45	0.81	70.64	203.38	71.32
2013	02	02	14	20	1.47	65.37	180.63	68.88
2013	02	02	17	18	1.75	70.98	137.71	75.94
2013	02	02	18	48	20.80	71.89	19.20	74.50
2013	02	03	00	08	1.52	66.86	16.03	69.30
2013	02	03	19	00	0.26	69.34	80.70	73.53
2013	02	04	12	12	0.21	70.64	203.38	71.32
2013	02	04	17	14	22.62	69.34	80.70	73.53
2013	02	05	06	15	23.57	68.50	265.79	57.71
2013	02	07	00	12	2.20	68.19	25.79	71.09
2013	02	07	05	14	22.64	72.45	267.89	62.82
2013	02	07	19	53	23.89	65.95	61.21	69.60
2013	02	08	06	31	23.81	66.16	265.36	56.38
2013	02	08	21	18	23.35	66.82	22.96	69.86
2013	02	09	00	59	2.39	66.86	16.03	69.30
2013	02	09	04	46	2.29	67.41	310.32	62.00
2013	02	09	18	43	0.01	69.34	80.70	73.53
2013	02	10	01	23	22.65	69.98	308.27	64.17
2013	02	10	04	56	22.32	72.45	267.89	62.82
2013	02	10	07	38	20.08	70.87	216.35	70.14
2013	02	10	20	01	21.89	67.80	22.22	70.54
2013	02	11	20	41	0.68	65.95	61.21	69.60
2013	02	12	12	13	0.97	71.50	216.35	70.14
2013	02	12	15	52	0.41	70.98	137.71	75.94
2013	02	12	17	22	1.81	70.98	137.71	75.94
2013	02	12	22	18	23.75	66.86	16.03	69.30
2013	02	13	01	41	21.49	72.21	291.48	63.75
2013	02	13	10	36	20.76	46.70	158.25	52.97
2013	02	13	18	36	2.70	66.71	128.92	71.59
2013	02	13	21	22	23.44	66.82	22.96	69.86
2013	02	14	03	18	1.06	65.75	314.56	61.16
2013	02	14	09	12	22.49	66.24	220.89	64.05
2013	02	14	20	45	22.63	67.80	22.22	70.54
2013	02	15	05	35	22.99	72.45	267.89	62.82
2013	02	15	08	46	22.19	71.57	226.23	68.41
2013	02	15	16	44	0.93	66.71	128.92	71.59
2013	02	15	18	55	20.96	71.89	19.20	74.50
2013	02	15	21	29	23.56	66.82	22.96	69.86
2013	02	16	04	47	2.23	69.98	308.27	64.17
2013	02	16	09	48	22.57	67.65	214.78	66.56
2013	02	17	05	42	20.87	69.42	245.52	62.48
2013	02	17	09	17	22.07	67.65	214.78	66.56
2013	02	18	08	58	2.08	78.51	270.30	68.50
2013	02	18	20	53	0.91	65.95	61.21	69.60
2013	02	19	04	26	1.96	67.41	310.32	62.00
2013	02	19	07	47	0.14	67.00	256.32	58.22
2013	02	19	11	55	1.25	66.24	220.89	64.05
2013	02	19	14	38	23.21	70.98	137.71	75.94
2013	02	19	20	34	0.61	65.95	61.21	69.60
2013	02	20	08	06	23.63	67.48	248.89	58.77
2013	02	20	09	40	1.94	67.00	256.32	58.22
2013	02	21	00	28	2.03	65.74	16.03	69.30
2013	02	21	06	02	21.22	69.42	245.52	62.48
2013	02	21	16	30	2.87	65.92	170.90	70.08
2013	02	21	19	07	21.18	71.89	19.20	74.50
2013	02	21	23	19	0.98	67.07	16.03	69.30
2013	02	22	02	07	23.83	65.75	314.56	61.16
2013	02	22	06	34	2.60	72.21	291.48	63.75
2013	02	22	07	48	0.81	73.60	263.99	64.32
2013	02	22	09	02	21.69	71.50	216.35	70.14
2013	02	22	11	20	23.70	70.87	211.21	70.36
2013	02	22	19	50	23.92	65.95	61.21	69.60
2013	02	23	10	34	23.34	67.65	214.78	66.56
2013	02	23	16	35	0.77	66.71	128.92	71.59
2013	02	24	08	29	22.58	69.85	233.31	65.26
2013	02	24	14	08	2.13	65.59	199.56	66.97
2013	02	24	17	14	1.41	66.71	128.92	71.59
2013	02	25	23	24	0.92	66.86	16.03	69.30
2013	02	26	04	48	22.03	68.50	265.79	57.71
2013	02	26	08	36	1.85	66.16	265.36	56.38
2013	02	26	19	14	0.60	69.34	80.70	73.53
2013	02	27	00	25	1.93	66.86	16.03	69.30
2013	02	27	05	36	23.02	72.45	267.89	62.82
2013	02	28	01	38	23.36	65.75	314.56	61.16
2013	02	28	08	11	1.45	66.16	265.36	56.38
2013	02	28	13	49	0.26	65.92	170.90	70.08
2013	02	28	22	55	0.94	64.41	23.53	68.02
2013	03	01	04	39	22.06	72.45	267.89	62.82
2013	03	01	07	50	1.10	66.16	265.36	56.38
2013	03	02	02	38	0.09	73.99	306.43	67.93
2013	03	02	04	58	2.55	75.25	306.43	67.93
2013	03	02	06	36	20.70	69.85	233.31	65.26
2013	03	02	12	59	0.97	65.59	199.56	66.97
2013	03	02	14	28	22.98	70.98	137.71	75.94
2013	03	02	19	10	21.40	68.19	22.22	70.54
2013	03	03	01	24	1.05	71.63	338.03	70.48
2013	03	03	04	08	1.64	73.99	306.43	67.93
2013	03	03	09	52	1.46	57.60	247.13	49.64
2013	03	03	16	20	21.70	69.34	80.70	73.53
2013	03	04	06	29	23.94	72.45	267.89	62.82
2013	03	04	11	15	0.05	67.65	214.78	66.56
2013	03	05	00	48	22.20	69.98	308.27	64.17
2013	03	05	15	02	23.50	70.98	137.71	75.94
2013	03	05	18	56	0.36	69.34	80.70	73.53
2013	03	05	22	53	0.86	67.80	22.22	70.54
2013	03	06	02	55	2.65	71.63	338.03	70.48
2013	03	07	07	40	0.82	78.51	270.30	68.50
2013	03	07	10	36	1.25	67.47	238.77	61.76
2013	03	09	01	24	23.19	65.75	314.56	61.16
2013	03	09	09	04	23.72	67.47	238.77	61.76
2013	03	09	12	22	23.33	65.37	180.63	68.88
2013	03	09	21	00	23.04	67.80	22.22	70.54
2013	03	10	16	13	0.63	70.98	137.71	75.94
2013	03	10	19	29	21.67	71.89	19.20	74.50
2013	03	10	21	23	23.64	68.19	25.79	71.09
2013	03	11	02	03	23.88	65.75	314.56	61.16
2013	03	11	07	13	22.45	69.42	245.52	62.48
2013	03	12	02	15	23.73	69.98	308.27	64.17
2013	03	12	05	30	0.70	73.47	283.40	64.20
2013	03	12	07	32	21.66	69.85	233.31	65.26
2013	03	12	12	07	23.08	65.37	180.63	68.88
2013	03	12	17	47	2.03	66.71	128.92	71.59
2013	03	13	01	35	23.06	69.98	308.27	64.17
2013	03	13	08	03	23.58	67.48	248.89	58.77
2013	03	13	20	36	22.79	71.89	19.20	74.50
2013	03	14	09	47	0.45	67.47	238.77	61.76
2013	03	14	12	27	21.00	70.98	137.71	75.94
2013	03	15	04	30	2.03	69.98	308.27	64.17
2013	03	15	11	00	23.77	65.79	212.57	65.12
2013	03	16	11	59	0.77	65.79	212.57	65.12
2013	03	16	13	49	0.21	65.92	170.90	70.08
2013	03	16	23	58	2.02	67.80	22.22	70.54
2013	03	17	06	10	1.07	66.31	282.24	55.28
2013	03	19	21	28	2.97	69.34	80.70	73.53
2013	03	20	03	03	0.97	65.75	314.56	61.16
2013	03	20	08	27	1.93	72.45	267.89	62.82
2013	03	20	12	48	1.64	67.65	214.78	66.56
2013	03	20	19	52	22.24	66.82	22.96	69.86
2013	03	21	05	23	2.90	71.43	308.27	64.17
2013	03	22	09	31	2.71	59.96	263.96	50.20
2013	03	22	18	08	2.47	66.71	128.92	71.59
2013	03	22	23	05	0.82	66.86	16.03	69.30
2013	03	23	07	51	22.57	67.47	238.77	61.76
2013	03	23	13	03	1.81	65.45	212.57	65.12
2013	03	23	18	04	2.40	66.71	128.92	71.59
2013	03	23	22	23	0.70	65.60	23.70	69.46
2013	03	24	06	24	23.63	59.96	263.96	50.20
2013	03	24	07	43	22.44	67.47	238.77	61.76
2013	03	24	09	55	23.27	66.24	220.89	64.05
2013	03	24	14	34	1.39	65.37	180.63	68.88
2013	03	25	10	36	23.97	66.24	220.89	64.05
2013	03	27	03	36	1.29	67.41	310.32	62.00
2013	03	27	12	17	23.27	65.37	180.63	68.88
2013	03	27	19	38	23.99	65.95	61.21	69.60
2013	03	27	21	34	0.33	64.77	33.08	68.25
2013	03	28	08	44	21.60	67.65	214.78	66.56
2013	03	28	16	57	1.18	66.71	128.92	71.59
2013	03	28	21	00	23.43	68.19	25.79	71.09
2013	03	28	23	19	1.11	66.86	16.03	69.30
2013	03	29	02	27	0.42	65.75	314.56	61.16
2013	03	29	04	21	2.31	65.75	314.56	61.16
2013	03	29	22	07	0.49	65.60	23.70	69.46
2013	03	30	08	35	0.18	59.25	246.16	52.14
2013	03	30	13	35	23.98	65.92	170.90	70.08
2013	03	30	18	00	23.59	69.34	80.70	73.53
2013	03	31	08	26	0.04	59.25	246.16	52.14
2013	03	31	17	12	1.48	66.71	128.92	71.59
2013	03	31	18	29	2.90	66.71	128.92	71.59
2013	03	31	20	10	0.56	65.95	61.21	69.60
2013	04	01	02	23	22.53	72.21	291.48	63.75
2013	04	01	05	13	22.77	72.45	267.89	62.82
2013	04	01	07	51	23.13	69.42	245.52	62.48
2013	04	01	15	15	23.29	66.71	128.92	71.59
2013	04	01	21	19	23.56	67.80	22.22	70.54
2013	04	02	01	47	23.78	65.75	314.56	61.16
2013	04	02	18	25	20.79	71.89	19.20	74.50
2013	04	03	08	55	21.38	70.87	216.35	70.14
2013	04	03	23	41	1.52	66.86	16.03	69.30
2013	04	04	03	43	20.98	78.51	270.30	68.50
2013	04	04	08	07	23.41	69.42	245.52	62.48
2013	04	06	06	22	1.34	66.31	282.24	55.28
2013	04	06	11	17	0.21	67.65	214.78	66.56
2013	04	06	18	31	22.94	65.95	61.21	69.60
2013	04	06	22	20	0.22	66.86	16.03	69.30
2013	04	07	02	50	0.86	65.75	314.56	61.16
2013	04	07	04	20	1.99	69.98	308.27	64.17
2013	04	07	11	47	0.64	65.79	212.57	65.12
2013	04	08	07	59	21.51	71.57	226.23	68.41
2013	04	10	11	01	23.97	67.65	214.78	66.56
2013	04	10	21	27	23.39	66.86	16.03	69.30
2013	04	11	10	27	23.36	65.79	212.57	65.12
2013	04	11	21	46	23.70	66.86	16.03	69.30
2013	04	11	22	48	1.32	66.82	22.96	69.86
2013	04	12	05	16	22.87	72.45	267.89	62.82
2013	04	12	06	31	0.10	72.45	267.89	62.82
2013	04	13	04	05	21.50	66.16	265.36	56.38
2013	04	13	09	53	1.25	69.42	245.52	62.48
2013	04	13	23	08	23.17	71.63	338.03	70.48
2013	04	14	03	17	1.34	65.75	314.56	61.16
2013	04	14	12	10	23.21	65.37	180.63	68.88
2013	04	16	16	59	22.47	69.34	80.70	73.53
2013	04	18	01	56	22.19	72.21	291.48	63.75
2013	04	20	10	48	23.80	67.65	214.78	66.56
2013	04	22	01	57	23.70	69.98	308.27	64.17
2013	04	23	22	44	1.08	65.19	20.77	69.06
2013	04	24	08	41	1.51	63.19	259.06	53.99
2013	04	25	01	40	23.80	65.75	314.56	61.16
2013	04	25	08	04	23.74	67.48	248.89	58.77
2013	04	25	09	19	22.32	67.65	214.78	66.56
2013	04	25	10	39	2.37	67.48	248.89	58.77
2013	04	25	22	18	0.33	66.86	16.03	69.30
2013	04	26	02	15	0.37	65.75	314.56	61.16
2013	04	26	08	25	0.10	67.48	248.89	58.77
2013	04	26	18	51	21.40	71.89	19.20	74.50
2013	04	26	22	10	0.54	65.19	20.77	69.06
2013	04	27	04	24	21.89	68.50	265.79	57.71
2013	04	27	14	07	0.37	65.92	170.90	70.08
2013	04	27	17	20	22.93	69.34	80.70	73.53
2013	04	27	21	55	0.57	68.19	22.22	70.54
2013	04	28	09	45	1.48	67.48	248.89	58.77
2013	04	28	20	19	0.93	65.95	61.21	69.60
2013	04	28	23	08	1.17	66.86	16.03	69.30
2013	04	29	12	33	1.65	63.40	214.87	62.39
2013	04	29	20	40	23.26	71.89	19.20	74.50
2013	04	30	06	40	0.13	68.50	265.79	57.71
2013	05	02	00	29	2.60	65.74	16.03	69.30
2013	05	02	06	52	1.90	66.31	282.24	55.28
2013	05	02	09	39	0.55	67.47	238.77	61.76
2013	05	02	15	29	23.72	70.98	137.71	75.94
2013	05	03	02	23	0.23	67.41	310.32	62.00
2013	05	03	06	37	22.30	67.48	248.89	58.77
2013	05	03	10	21	23.59	63.40	214.87	62.39
2013	05	04	08	03	21.23	63.40	214.87	62.39
2013	05	04	21	18	23.51	65.74	16.03	69.30
2013	05	05	00	21	2.55	67.07	16.03	69.30
2013	05	05	03	11	1.29	65.75	314.56	61.16
2013	05	05	12	20	1.26	67.65	214.78	66.56
2013	05	06	06	49	1.86	66.31	282.24	55.28
2013	05	06	12	31	23.02	65.92	170.90	70.08
2013	05	06	22	29	0.67	65.74	16.03	69.30
2013	05	07	00	34	2.77	67.07	16.03	69.30
2013	05	07	04	34	22.06	63.70	265.34	53.86
2013	05	07	13	49	0.10	65.92	170.90	70.08
2013	05	07	15	36	20.76	69.34	80.70	73.53
2013	05	08	01	17	23.48	65.75	314.56	61.16
2013	05	08	06	12	21.60	69.42	245.52	62.48
2013	05	08	09	30	23.04	66.24	220.89	64.05
2013	05	08	20	41	23.32	71.89	19.20	74.50
2013	05	09	05	21	22.85	68.50	265.79	57.71
2013	05	09	08	53	23.19	69.85	233.31	65.26
2013	05	10	04	22	2.10	69.98	308.27	64.17
2013	05	10	11	47	0.76	67.65	214.78	66.56
2013	05	11	09	34	22.19	70.87	216.35	70.14
2013	05	12	00	42	21.09	72.21	291.48	63.75
2013	05	12	04	15	2.07	67.41	310.32	62.00
2013	05	12	09	41	22.31	70.87	216.35	70.14
2013	05	14	08	35	23.99	69.42	245.52	62.48
2013	05	15	12	57	23.90	65.37	180.63	68.88
2013	05	16	02	37	22.81	66.70	291.60	58.10
2013	05	16	06	33	22.24	67.48	248.89	58.77
2013	05	17	02	27	0.58	65.75	314.56	61.16
2013	05	17	05	36	21.31	67.48	248.89	58.77
2013	05	17	17	37	22.04	65.95	61.21	69.60
2013	05	19	06	37	1.66	66.31	282.24	55.28
2013	05	20	21	58	2.63	65.95	61.21	69.60
2013	05	21	03	49	1.91	65.75	314.56	61.16
2013	05	21	06	08	23.77	72.45	267.89	62.82
2013	05	21	23	10	1.69	66.65	18.94	69.66
2013	05	22	09	05	2.59	68.50	265.79	57.71
2013	05	22	11	44	0.63	65.45	212.57	65.12
2013	05	22	13	17	0.15	65.37	180.63	68.88
2013	05	23	03	51	1.58	69.98	308.27	64.17
2013	05	23	10	08	23.19	67.65	214.78	66.56
2013	05	23	13	21	1.95	71.50	216.35	70.14
2013	05	23	22	58	1.59	71.89	19.20	74.50
2013	05	24	03	29	22.56	66.31	282.24	55.28
2013	05	24	07	31	20.37	71.50	216.35	70.14
2013	05	25	09	56	22.99	67.65	214.78	66.56
2013	05	26	00	02	1.78	63.75	12.50	66.11
2013	05	26	09	03	22.57	66.24	220.89	64.05
2013	05	26	13	32	0.33	65.37	180.63	68.88
2013	05	26	23	52	2.56	66.82	22.96	69.86
2013	05	27	02	51	0.67	67.41	310.32	62.00
2013	05	27	07	02	22.70	67.48	248.89	58.77
2013	05	27	09	06	2.60	68.50	265.79	57.71
2013	05	27	11	03	2.76	67.48	248.89	58.77
2013	05	27	23	42	1.80	66.86	16.03	69.30
2013	05	28	02	08	0.27	65.75	314.56	61.16
2013	05	28	06	45	0.36	72.45	267.89	62.82
2013	05	31	14	35	2.12	70.64	203.38	71.32
2013	06	01	19	12	21.85	71.89	19.20	74.50
2013	06	01	20	45	23.25	64.03	20.42	67.84
2013	06	02	02	54	0.98	65.75	314.56	61.16
2013	06	02	08	22	23.20	67.47	238.77	61.76
2013	06	03	00	24	2.86	66.65	18.94	69.66
2013	06	03	03	47	1.84	65.75	314.56	61.16
2013	06	03	10	08	22.25	70.64	203.38	71.32
2013	06	03	20	33	1.25	65.95	61.21	69.60
2013	06	04	05	07	22.58	68.50	265.79	57.71
2013	06	04	22	38	0.86	65.74	16.03	69.30
2013	06	05	07	20	0.92	72.45	267.89	62.82
2013	06	05	13	06	0.91	70.64	203.38	71.32
2013	06	06	03	09	1.21	65.75	314.56	61.16
2013	06	06	06	47	1.79	66.31	282.24	55.28
2013	06	07	19	23	22.03	71.89	19.20	74.50
2013	06	08	03	23	1.43	65.75	314.56	61.16
2013	06	08	06	49	20.36	71.57	226.23	68.41
2013	06	08	08	14	21.19	67.65	214.78	66.56
2013	06	08	11	55	1.42	71.57	226.23	68.41
2013	06	09	08	57	21.93	67.65	214.78	66.56
2013	06	09	12	10	0.18	65.59	199.56	66.97
2013	06	10	09	51	23.36	66.24	220.89	64.05
2013	06	10	13	35	2.80	71.57	226.23	68.41
2013	06	11	11	27	2.25	67.47	238.77	61.76
2013	06	11	13	27	2.09	67.65	214.78	66.56
2013	06	12	07	33	20.35	71.50	216.35	70.14
2013	06	13	00	00	2.44	67.80	18.94	69.66
2013	06	13	03	23	1.14	67.41	310.32	62.00
2013	06	15	00	21	2.77	67.80	18.94	69.66
2013	06	19	00	53	2.86	66.86	16.03	69.30
2013	06	19	20	35	23.68	73.53	15.60	77.00
2013	06	21	08	04	0.39	63.80	254.74	55.20
2013	06	21	09	19	0.13	67.47	238.77	61.76
2013	06	21	16	02	2.06	65.92	170.90	70.08
2013	06	21	18	13	20.38	66.37	16.03	69.30
2013	06	22	00	14	2.58	65.19	18.82	68.35
2013	06	22	12	51	2.07	66.24	220.89	64.05
2013	06	22	14	38	0.60	65.92	170.90	70.08
2013	06	22	22	45	1.16	65.19	18.82	68.35
2013	06	23	00	18	2.48	67.07	16.03	69.30
2013	06	23	08	39	0.27	67.48	248.89	58.77
2013	06	23	20	39	23.50	75.64	11.95	78.92
2013	06	24	03	34	1.55	65.75	314.56	61.16
2013	06	24	08	01	23.61	67.48	248.89	58.77
2013	06	24	23	05	1.61	64.41	23.53	68.02
2013	06	25	03	30	1.49	65.75	314.56	61.16
2013	06	25	08	33	0.97	67.00	256.32	58.22
2013	06	28	06	28	2.57	72.21	291.48	63.75
2013	06	29	14	32	0.50	65.92	170.90	70.08
2013	06	29	22	06	0.58	66.65	18.94	69.66
2013	06	30	01	59	21.02	66.31	282.24	55.28
2013	06	30	03	39	22.61	66.31	282.24	55.28
2013	06	30	10	33	23.98	66.24	220.89	64.05
2013	06	30	11	48	1.14	66.24	220.89	64.05
2013	06	30	15	27	20.39	69.34	80.70	73.53
2013	06	30	18	26	2.93	66.71	128.92	71.59
2013	06	30	20	23	22.89	66.65	18.94	69.66
2013	06	30	22	07	0.59	66.65	18.94	69.66
2013	07	01	03	02	23.08	66.70	291.60	58.10
2013	07	03	15	27	23.18	66.71	128.92	71.59
2013	07	05	03	49	1.49	67.41	310.32	62.00
2013	07	05	04	48	2.47	67.41	310.32	62.00
2013	07	05	22	03	0.48	67.80	22.22	70.54
2013	07	06	00	17	2.63	67.80	18.94	69.66
2013	07	08	04	07	2.06	65.75	314.56	61.16
2013	07	08	07	17	22.97	64.28	248.79	56.66
2013	07	08	11	06	1.85	67.47	238.77	61.76
2013	07	09	08	12	1.49	66.16	265.36	56.38
2013	07	12	01	48	23.55	67.41	310.32	62.00
2013	07	12	21	46	0.35	65.60	23.05	69.02
2013	07	12	23	45	2.31	66.82	22.96	69.86
2013	07	13	02	56	2.80	71.63	338.03	70.48
2013	07	16	10	07	1.72	67.48	248.89	58.77
2013	07	18	10	09	23.54	66.24	220.89	64.05
2013	07	19	21	45	0.35	66.82	22.96	69.86
2013	07	20	00	15	2.27	65.74	16.03	69.30
2013	07	20	01	38	23.39	67.41	310.32	62.00
2013	07	21	20	16	22.69	66.65	18.94	69.66
2013	07	22	21	49	0.41	68.19	22.22	70.54
2013	07	23	01	16	22.96	69.98	308.27	64.17
2013	07	23	13	02	0.78	70.64	203.38	71.32
2013	07	23	19	57	0.85	67.35	66.83	71.16
2013	07	24	01	24	23.44	65.75	314.56	61.16
2013	07	24	13	53	1.46	70.64	203.38	71.32
2013	07	25	03	40	1.24	69.98	308.27	64.17
2013	07	25	09	15	0.82	67.48	248.89	58.77
2013	07	26	09	30	22.38	67.65	214.78	66.56
2013	07	26	12	04	23.94	70.64	203.38	71.32
2013	07	27	00	09	2.06	66.86	16.03	69.30
2013	07	27	09	33	22.92	66.24	220.89	64.05
2013	07	27	21	19	2.20	67.35	66.83	71.16
2013	07	28	09	11	22.54	66.24	220.89	64.05
2013	07	28	21	56	2.80	67.35	66.83	71.16
2013	07	29	02	22	0.19	72.64	307.10	65.42
2013	07	29	06	11	23.50	68.50	265.79	57.71
2013	07	29	10	11	22.16	70.64	203.38	71.32
2013	07	30	02	56	0.53	69.98	308.27	64.17
2013	07	30	05	19	1.31	66.70	291.60	58.10
2013	07	30	18	10	22.89	67.35	66.83	71.16
2013	07	31	02	17	23.99	67.41	310.32	62.00
2013	07	31	11	55	0.73	67.65	214.78	66.56
2013	07	31	19	23	1.12	69.34	80.70	73.53
2013	08	02	04	29	0.57	72.21	291.48	63.75
2013	08	02	08	42	1.87	78.51	270.30	68.50
2013	08	04	06	50	22.36	67.48	248.89	58.77
2013	08	04	08	43	0.42	64.28	248.79	56.66
2013	08	04	15	25	23.19	66.71	128.92	71.59
2013	08	05	19	03	21.64	76.57	11.95	78.92
2013	08	06	03	23	23.41	66.70	291.60	58.10
2013	08	06	06	34	23.89	68.50	265.79	57.71
2013	08	06	12	21	1.63	66.24	220.89	64.05
2013	08	06	20	59	1.85	67.35	66.83	71.16
2013	08	07	06	36	20.05	71.57	226.23	68.41
2013	08	08	08	01	1.33	68.50	265.79	57.71
2013	08	08	14	36	2.59	70.87	216.35	70.14
2013	08	09	05	44	23.08	68.50	265.79	57.71
2013	08	10	05	46	0.69	66.31	282.24	55.28
2013	08	10	10	13	23.62	66.24	220.89	64.05
2013	08	11	08	07	23.36	69.42	245.52	62.48
2013	08	11	09	37	21.60	70.64	203.38	71.32
2013	08	12	20	29	0.97	65.95	61.21	69.60
2013	08	12	23	15	1.64	64.41	23.53	68.02
2013	08	13	09	29	0.77	69.42	245.52	62.48
2013	08	13	19	35	0.07	65.95	61.21	69.60
2013	08	14	00	20	2.78	65.60	23.05	69.02
2013	08	14	20	28	22.53	65.74	16.03	69.30
2013	08	15	07	51	1.15	66.16	265.36	56.38
2013	08	16	00	08	1.57	62.61	10.99	64.94
2013	08	16	06	40	0.82	75.99	273.77	66.52
2013	08	16	21	30	0.01	65.60	23.70	69.46
2013	08	17	01	51	23.88	65.75	314.56	61.16
2013	08	17	12	05	0.02	70.64	203.38	71.32
2013	08	17	23	16	1.18	66.86	16.03	69.30
2013	08	18	05	57	23.02	73.60	263.99	64.32
2013	08	18	06	32	21.81	69.42	245.52	62.48
2013	08	18	20	40	1.53	67.35	66.83	71.16
2013	08	19	02	32	0.27	67.41	310.32	62.00
2013	08	19	16	29	0.54	66.71	128.92	71.59
2013	08	20	01	29	23.14	71.43	308.27	64.17
2013	08	20	10	51	22.86	70.64	203.38	71.32
2013	08	21	17	45	23.33	69.34	80.70	73.53
2013	08	21	20	28	0.95	65.95	61.21	69.60
2013	08	21	23	43	21.82	65.75	314.56	61.16
2013	08	22	04	57	2.58	69.98	308.27	64.17
2013	08	22	08	06	23.69	67.48	248.89	58.77
2013	08	22	10	02	22.06	70.64	203.38	71.32
2013	08	22	13	14	0.12	65.37	180.63	68.88
2013	08	22	17	19	21.94	67.35	66.83	71.16
2013	08	22	19	15	22.17	73.53	15.60	77.00
2013	08	23	08	27	1.80	66.16	265.36	56.38
2013	08	23	19	01	23.50	65.95	61.21	69.60
2013	08	23	22	44	1.06	66.65	18.94	69.66
2013	08	24	07	50	1.18	66.16	265.36	56.38
2013	08	24	20	57	2.68	69.34	80.70	73.53
2013	08	25	05	01	1.09	66.70	291.60	58.10
2013	08	25	17	19	21.59	65.95	61.21	69.60
2013	08	26	07	10	0.43	59.96	263.96	50.20
2013	08	26	10	40	23.19	70.87	216.35	70.14
2013	08	26	21	36	23.55	66.86	16.03	69.30
2013	08	27	02	00	23.78	67.41	310.32	62.00
2013	08	27	10	36	2.26	67.48	248.89	58.77
2013	08	28	07	40	20.59	67.65	214.78	66.56
2013	08	28	10	08	23.10	67.65	214.78	66.56
2013	08	28	20	42	1.56	67.35	66.83	71.16
2013	08	30	13	18	0.24	65.37	180.63	68.88
2013	08	30	16	32	21.05	67.35	66.83	71.16
2013	08	31	04	23	21.80	66.16	265.36	56.38
2013	08	31	11	40	22.22	65.92	170.90	70.08
2013	08	31	22	39	0.58	66.86	16.03	69.30
2013	09	01	05	32	22.95	66.16	265.36	56.38
2013	09	01	08	21	21.79	66.24	220.89	64.05
2013	09	01	12	57	2.32	66.24	220.89	64.05
2013	09	01	22	04	0.61	68.19	22.22	70.54
